2026-04-03 21:13:14.548 | INFO     | __main__:<module>:90 - Distributed environment: NO
Num processes: 1
Process index: 0
Local process index: 0
Device: cuda

Mixed precision type: no

2026-04-03 21:13:14.548 | INFO     | __main__:<module>:91 - {'seed': 42, 'output_dir': '/root/autodl-tmp/UniCRS-main/trained_rec', 'debug': False, 'dataset': 'redial_gen', 'shot': 1, 'use_resp': False, 'context_max_length': 200, 'prompt_max_length': 200, 'entity_max_length': 32, 'num_workers': 0, 'tokenizer': 'microsoft/DialoGPT-small', 'text_tokenizer': 'roberta-base', 'model': 'microsoft/DialoGPT-small', 'text_encoder': 'roberta-base', 'num_bases': 8, 'n_prefix_rec': 10, 'prompt_encoder': '/root/autodl-tmp/UniCRS-main/pre_trained_prompt/final', 'num_train_epochs': 5, 'max_train_steps': None, 'per_device_train_batch_size': 16, 'per_device_eval_batch_size': 16, 'gradient_accumulation_steps': 1, 'learning_rate': 0.0001, 'weight_decay': 0.01, 'max_grad_norm': None, 'num_warmup_steps': 530, 'fp16': False, 'use_wandb': False, 'entity': None, 'project': None, 'name': None, 'log_all': False}
2026-04-03 21:14:27.153 | INFO     | __main__:<module>:225 - ***** Running training *****
2026-04-03 21:14:27.154 | INFO     | __main__:<module>:226 -   Num examples = 33868
2026-04-03 21:14:27.154 | INFO     | __main__:<module>:227 -   Num Epochs = 5
2026-04-03 21:14:27.154 | INFO     | __main__:<module>:228 -   Instantaneous batch size per device = 16
2026-04-03 21:14:27.154 | INFO     | __main__:<module>:229 -   Total train batch size (w. parallel, distributed & accumulation) = 16
2026-04-03 21:14:27.154 | INFO     | __main__:<module>:230 -   Gradient Accumulation steps = 1
2026-04-03 21:14:27.154 | INFO     | __main__:<module>:231 -   Total optimization steps = 10585
2026-04-03 21:20:15.387 | INFO     | __main__:<module>:283 - epoch 0 train loss 6.741008653356943
2026-04-03 21:20:40.542 | INFO     | __main__:<module>:321 - {'valid/recall@1': 0.035173160173160176, 'valid/recall@10': 0.18533549783549783, 'valid/recall@50': 0.4055735930735931, 'valid/ndcg@1': 0.035173160173160176, 'valid/ndcg@10': 0.09771911819259842, 'valid/ndcg@50': 0.14607910882859004, 'valid/mrr@1': 0.035173160173160176, 'valid/mrr@10': 0.07134708388027175, 'valid/mrr@50': 0.0816017332531157, 'valid/loss': np.float64(6.929590293339321), 'epoch': 0}
2026-04-03 21:20:40.710 | INFO     | __main__:<module>:329 - new best model with loss
2026-04-03 21:21:12.088 | INFO     | __main__:<module>:365 - {'test/recall@1': 0.03185654008438819, 'test/recall@10': 0.1618143459915612, 'test/recall@50': 0.3670886075949367, 'test/ndcg@1': 0.03185654008438819, 'test/ndcg@10': 0.08570383450149986, 'test/ndcg@50': 0.13083805132515822, 'test/mrr@1': 0.03185654008438819, 'test/mrr@10': 0.06284952284414556, 'test/mrr@50': 0.07241590153818896, 'test/loss': np.float64(7.305895611091897), 'epoch': 0}
2026-04-03 21:26:59.160 | INFO     | __main__:<module>:283 - epoch 1 train loss 6.041374530666101
2026-04-03 21:27:24.015 | INFO     | __main__:<module>:321 - {'valid/recall@1': 0.042478354978354976, 'valid/recall@10': 0.19778138528138528, 'valid/recall@50': 0.41693722943722944, 'valid/ndcg@1': 0.042478354978354976, 'valid/ndcg@10': 0.10719042526179062, 'valid/ndcg@50': 0.15564425579913252, 'valid/mrr@1': 0.042478354978354976, 'valid/mrr@10': 0.07981515859628653, 'valid/mrr@50': 0.09022794451032366, 'valid/loss': np.float64(6.974928626766452), 'epoch': 1}
2026-04-03 21:27:55.052 | INFO     | __main__:<module>:365 - {'test/recall@1': 0.035654008438818566, 'test/recall@10': 0.17025316455696202, 'test/recall@50': 0.37236286919831224, 'test/ndcg@1': 0.035654008438818566, 'test/ndcg@10': 0.0910866009032173, 'test/ndcg@50': 0.1355363548053468, 'test/mrr@1': 0.035654008438818566, 'test/mrr@10': 0.06734696400316456, 'test/mrr@50': 0.07679688658895371, 'test/loss': np.float64(7.459310725883201), 'epoch': 1}
2026-04-03 21:33:44.346 | INFO     | __main__:<module>:283 - epoch 2 train loss 5.751698911781293
2026-04-03 21:34:09.349 | INFO     | __main__:<module>:321 - {'valid/recall@1': 0.044642857142857144, 'valid/recall@10': 0.2086038961038961, 'valid/recall@50': 0.44101731601731603, 'valid/ndcg@1': 0.044642857142857144, 'valid/ndcg@10': 0.11337022657518263, 'valid/ndcg@50': 0.16424157609155168, 'valid/mrr@1': 0.044642857142857144, 'valid/mrr@10': 0.08457813840923888, 'valid/mrr@50': 0.09524863106863839, 'valid/loss': np.float64(7.03857996556666), 'epoch': 2}
2026-04-03 21:34:40.603 | INFO     | __main__:<module>:365 - {'test/recall@1': 0.035654008438818566, 'test/recall@10': 0.1778481012658228, 'test/recall@50': 0.37658227848101267, 'test/ndcg@1': 0.035654008438818566, 'test/ndcg@10': 0.0945434892227881, 'test/ndcg@50': 0.13819938048028746, 'test/mrr@1': 0.035654008438818566, 'test/mrr@10': 0.06952648565236023, 'test/mrr@50': 0.07876226368835706, 'test/loss': np.float64(7.5926023765846535), 'epoch': 2}
2026-04-03 21:40:30.503 | INFO     | __main__:<module>:283 - epoch 3 train loss 5.506406861766082
2026-04-03 21:40:56.030 | INFO     | __main__:<module>:321 - {'valid/recall@1': 0.04112554112554113, 'valid/recall@10': 0.20373376623376624, 'valid/recall@50': 0.43885281385281383, 'valid/ndcg@1': 0.04112554112554113, 'valid/ndcg@10': 0.1114910753258379, 'valid/ndcg@50': 0.1634434126156233, 'valid/mrr@1': 0.04112554112554113, 'valid/mrr@10': 0.08342889067414519, 'valid/mrr@50': 0.09455301854517553, 'valid/loss': np.float64(7.2709785973354855), 'epoch': 3}
2026-04-03 21:41:27.468 | INFO     | __main__:<module>:365 - {'test/recall@1': 0.036286919831223625, 'test/recall@10': 0.17067510548523207, 'test/recall@50': 0.3725738396624473, 'test/ndcg@1': 0.036286919831223625, 'test/ndcg@10': 0.09163866002851398, 'test/ndcg@50': 0.13585481925352716, 'test/mrr@1': 0.036286919831223625, 'test/mrr@10': 0.06787790547946335, 'test/mrr@50': 0.07717970192180908, 'test/loss': np.float64(7.913343885530928), 'epoch': 3}
2026-04-03 21:47:17.583 | INFO     | __main__:<module>:283 - epoch 4 train loss 5.299988877170763
2026-04-03 21:47:42.577 | INFO     | __main__:<module>:321 - {'valid/recall@1': 0.041666666666666664, 'valid/recall@10': 0.21103896103896103, 'valid/recall@50': 0.44372294372294374, 'valid/ndcg@1': 0.041666666666666664, 'valid/ndcg@10': 0.11379682862913454, 'valid/ndcg@50': 0.16486875525800695, 'valid/mrr@1': 0.041666666666666664, 'valid/mrr@10': 0.0843492318025399, 'valid/mrr@50': 0.09513234885740074, 'valid/loss': np.float64(7.388819209424964), 'epoch': 4}
2026-04-03 21:48:14.395 | INFO     | __main__:<module>:365 - {'test/recall@1': 0.03354430379746835, 'test/recall@10': 0.1679324894514768, 'test/recall@50': 0.3706751054852321, 'test/ndcg@1': 0.03354430379746835, 'test/ndcg@10': 0.09004187604043051, 'test/ndcg@50': 0.13479990254977584, 'test/mrr@1': 0.03354430379746835, 'test/mrr@10': 0.0664788869865836, 'test/mrr@50': 0.07606268774105024, 'test/loss': np.float64(8.056085111316206), 'epoch': 4}
2026-04-03 21:48:14.577 | INFO     | __main__:<module>:372 - save final model
