2026-04-02 16:01:56.000 | INFO     | __main__:<module>:87 - {'seed': 42, 'output_dir': '/root/autodl-tmp/UniCRS-main/pre_trained_prompt', 'debug': False, 'dataset': 'redial', 'num_workers': 0, 'max_length': 200, 'prompt_max_length': 200, 'entity_max_length': 32, 'tokenizer': 'microsoft/DialoGPT-small', 'text_tokenizer': 'roberta-base', 'model': 'microsoft/DialoGPT-small', 'text_encoder': 'roberta-base', 'num_bases': 8, 'num_train_epochs': 5, 'max_train_steps': None, 'per_device_train_batch_size': 64, 'per_device_eval_batch_size': 128, 'gradient_accumulation_steps': 1, 'learning_rate': 0.0005, 'weight_decay': 0.01, 'max_grad_norm': None, 'num_warmup_steps': 1389, 'fp16': False, 'use_wandb': False, 'entity': None, 'project': None, 'name': None, 'log_all': False}
2026-04-02 16:01:56.000 | INFO     | __main__:<module>:88 - Distributed environment: NO
Num processes: 1
Process index: 0
Local process index: 0
Device: cuda

Mixed precision type: no

2026-04-02 16:03:37.510 | INFO     | __main__:<module>:216 - ***** Running training *****
2026-04-02 16:03:37.511 | INFO     | __main__:<module>:217 -   Num examples = 88888
2026-04-02 16:03:37.511 | INFO     | __main__:<module>:218 -   Num Epochs = 5
2026-04-02 16:03:37.511 | INFO     | __main__:<module>:219 -   Instantaneous batch size per device = 64
2026-04-02 16:03:37.511 | INFO     | __main__:<module>:220 -   Total train batch size (w. parallel, distributed & accumulation) = 64
2026-04-02 16:03:37.511 | INFO     | __main__:<module>:221 -   Gradient Accumulation steps = 1
2026-04-02 16:03:37.511 | INFO     | __main__:<module>:222 -   Total optimization steps = 6945
2026-04-02 16:14:17.723 | INFO     | __main__:<module>:274 - epoch 0 train loss 7.6682489531086535
2026-04-02 16:15:11.438 | INFO     | __main__:<module>:310 - {'valid/recall@1': 0.04919047127977725, 'valid/recall@10': 0.19129627719913375, 'valid/recall@50': 0.33690832216149325, 'valid/ndcg@1': 0.04919047127977725, 'valid/ndcg@10': 0.11303104173649067, 'valid/ndcg@50': 0.1447158597899157, 'valid/mrr@1': 0.04919047127977725, 'valid/mrr@10': 0.08883168174395109, 'valid/mrr@50': 0.09538073449746055, 'valid/loss': np.float64(6.990367048665097), 'epoch': 0}
2026-04-02 16:15:11.623 | INFO     | __main__:<module>:318 - new best model with loss
2026-04-02 16:16:19.790 | INFO     | __main__:<module>:352 - {'test/recall@1': 0.05415892005496726, 'test/recall@10': 0.19270875434483872, 'test/recall@50': 0.3326327701883437, 'test/ndcg@1': 0.05415892005496726, 'test/ndcg@10': 0.11947174725984662, 'test/ndcg@50': 0.1496355573108227, 'test/mrr@1': 0.05415892005496726, 'test/mrr@10': 0.0964037440605802, 'test/mrr@50': 0.10253708900856842, 'test/loss': np.float64(7.072546260873067), 'epoch': 0}
2026-04-02 16:26:58.715 | INFO     | __main__:<module>:274 - epoch 1 train loss 6.10192646441312
2026-04-02 16:27:48.552 | INFO     | __main__:<module>:310 - {'valid/recall@1': 0.13210271217902445, 'valid/recall@10': 0.34938640816747446, 'valid/recall@50': 0.5608951222027431, 'valid/ndcg@1': 0.13210271217902445, 'valid/ndcg@10': 0.22965208613972105, 'valid/ndcg@50': 0.27673723791829946, 'valid/mrr@1': 0.13210271217902445, 'valid/mrr@10': 0.1926665690137736, 'valid/mrr@50': 0.20292952636769104, 'valid/loss': np.float64(5.76322246852674), 'epoch': 1}
2026-04-02 16:27:48.761 | INFO     | __main__:<module>:318 - new best model with loss
2026-04-02 16:28:53.796 | INFO     | __main__:<module>:352 - {'test/recall@1': 0.12658637135235631, 'test/recall@10': 0.3280252202732196, 'test/recall@50': 0.5363349769622504, 'test/ndcg@1': 0.12658637135235631, 'test/ndcg@10': 0.2163163693062404, 'test/ndcg@50': 0.2622885167112097, 'test/mrr@1': 0.12658637135235631, 'test/mrr@10': 0.18194252971920216, 'test/mrr@50': 0.1917545909725871, 'test/loss': np.float64(6.003229342785078), 'epoch': 1}
2026-04-02 16:55:04.431 | INFO     | __main__:<module>:274 - epoch 2 train loss 4.671453739087989
2026-04-02 16:55:50.730 | INFO     | __main__:<module>:310 - {'valid/recall@1': 0.2674022893678457, 'valid/recall@10': 0.5450139218314943, 'valid/recall@50': 0.7076415386201919, 'valid/ndcg@1': 0.2674022893678457, 'valid/ndcg@10': 0.398065938966304, 'valid/ndcg@50': 0.4343340018981386, 'valid/mrr@1': 0.2674022893678457, 'valid/mrr@10': 0.35199181689568937, 'valid/mrr@50': 0.3599228750273925, 'valid/loss': np.float64(4.720298271430166), 'epoch': 2}
2026-04-02 16:55:50.937 | INFO     | __main__:<module>:318 - new best model with loss
2026-04-02 16:56:50.517 | INFO     | __main__:<module>:352 - {'test/recall@1': 0.2553552663487188, 'test/recall@10': 0.5157222536577479, 'test/recall@50': 0.682240724274513, 'test/ndcg@1': 0.2553552663487188, 'test/ndcg@10': 0.37878606437181717, 'test/ndcg@50': 0.4159474211361248, 'test/mrr@1': 0.2553552663487188, 'test/mrr@10': 0.33577176618957644, 'test/mrr@50': 0.3439001037582855, 'test/loss': np.float64(5.153735327966435), 'epoch': 2}
2026-04-02 17:07:52.477 | INFO     | __main__:<module>:274 - epoch 3 train loss 3.719293952074044
2026-04-02 17:08:37.260 | INFO     | __main__:<module>:310 - {'valid/recall@1': 0.351139527688976, 'valid/recall@10': 0.6231824275549139, 'valid/recall@50': 0.7663194802516242, 'valid/ndcg@1': 0.351139527688976, 'valid/ndcg@10': 0.4825792811243168, 'valid/ndcg@50': 0.5144830251140817, 'valid/mrr@1': 0.351139527688976, 'valid/mrr@10': 0.4381076198663246, 'valid/mrr@50': 0.4450750816135145, 'valid/loss': np.float64(4.251433391320078), 'epoch': 3}
2026-04-02 17:08:37.480 | INFO     | __main__:<module>:318 - new best model with loss
2026-04-02 17:09:35.358 | INFO     | __main__:<module>:352 - {'test/recall@1': 0.32543852558402714, 'test/recall@10': 0.6060948993614097, 'test/recall@50': 0.743351386306685, 'test/ndcg@1': 0.32543852558402714, 'test/ndcg@10': 0.4604267998873373, 'test/ndcg@50': 0.49129177170903726, 'test/mrr@1': 0.32543852558402714, 'test/mrr@10': 0.4144406998979468, 'test/mrr@50': 0.4213107393298844, 'test/loss': np.float64(4.698876462031886), 'epoch': 3}
2026-04-02 17:20:14.267 | INFO     | __main__:<module>:274 - epoch 4 train loss 3.0832749082511755
2026-04-02 17:20:58.176 | INFO     | __main__:<module>:310 - {'valid/recall@1': 0.38692379086315354, 'valid/recall@10': 0.6627823038053006, 'valid/recall@50': 0.7925131483964113, 'valid/ndcg@1': 0.38692379086315354, 'valid/ndcg@10': 0.5224147630227132, 'valid/ndcg@50': 0.5516287555912911, 'valid/mrr@1': 0.38692379086315354, 'valid/mrr@10': 0.4777868034250284, 'valid/mrr@50': 0.48430611593791895, 'valid/loss': np.float64(4.114240850272932), 'epoch': 4}
2026-04-02 17:20:58.372 | INFO     | __main__:<module>:318 - new best model with loss
2026-04-02 17:21:54.998 | INFO     | __main__:<module>:352 - {'test/recall@1': 0.3613289143965726, 'test/recall@10': 0.6420661223829924, 'test/recall@50': 0.764449114865411, 'test/ndcg@1': 0.3613289143965726, 'test/ndcg@10': 0.49892740740693964, 'test/ndcg@50': 0.5263172581667812, 'test/mrr@1': 0.3613289143965726, 'test/mrr@10': 0.45341727408101606, 'test/mrr@50': 0.4594526055770552, 'test/loss': np.float64(4.656838714461966), 'epoch': 4}
2026-04-02 17:21:55.181 | INFO     | __main__:<module>:365 - save final model
