2026-04-02 17:46:01.277 | INFO     | __main__:<module>:90 - Distributed environment: NO
Num processes: 1
Process index: 0
Local process index: 0
Device: cuda

Mixed precision type: no

2026-04-02 17:46:01.277 | INFO     | __main__:<module>:91 - {'seed': 42, 'output_dir': '/root/autodl-tmp/UniCRS-main/output_conv', 'debug': False, 'dataset': 'redial', 'num_workers': 0, 'context_max_length': 200, 'resp_max_length': 183, 'entity_max_length': 32, 'prompt_max_length': 200, 'tokenizer': 'microsoft/DialoGPT-small', 'ignore_pad_token_for_loss': True, 'text_tokenizer': 'roberta-base', 'model': 'microsoft/DialoGPT-small', 'max_gen_len': 50, 'text_encoder': 'roberta-base', 'prompt_encoder': '/root/autodl-tmp/UniCRS-main/pre_trained_prompt/final', 'n_prefix_conv': 20, 'num_bases': 8, 'num_train_epochs': 10, 'max_train_steps': None, 'per_device_train_batch_size': 8, 'per_device_eval_batch_size': 16, 'gradient_accumulation_steps': 1, 'learning_rate': 0.0001, 'weight_decay': 0.01, 'max_grad_norm': None, 'num_warmup_steps': 6345, 'fp16': False, 'use_wandb': False, 'entity': None, 'project': None, 'name': None, 'log_all': False}
2026-04-02 17:47:40.939 | INFO     | __main__:<module>:245 - ***** Running training *****
2026-04-02 17:47:40.939 | INFO     | __main__:<module>:246 -   Num examples = 50757
2026-04-02 17:47:40.940 | INFO     | __main__:<module>:247 -   Num Epochs = 10
2026-04-02 17:47:40.940 | INFO     | __main__:<module>:248 -   Instantaneous batch size per device = 8
2026-04-02 17:47:40.940 | INFO     | __main__:<module>:249 -   Total train batch size (w. parallel, distributed & accumulation) = 8
2026-04-02 17:47:40.940 | INFO     | __main__:<module>:250 -   Gradient Accumulation steps = 1
2026-04-02 17:47:40.940 | INFO     | __main__:<module>:251 -   Total optimization steps = 63450
2026-04-02 17:59:52.715 | INFO     | __main__:<module>:302 - epoch 0 train loss 4.371311475612499
2026-04-02 18:04:29.873 | INFO     | __main__:<module>:355 - {'valid/bleu@1': 0.14982621842415117, 'valid/bleu@2': 0.021440388040689252, 'valid/bleu@3': 0.006091276231494836, 'valid/bleu@4': 0.0023953632458398053, 'valid/dist@1': 0.043917124136709756, 'valid/dist@2': 0.109969895519745, 'valid/dist@3': 0.18523109615725164, 'valid/dist@4': 0.2523463786081105, 'valid/item_ratio': 0.20541880644590046, 'valid/sent_cnt': 5647, 'valid/loss': np.float64(3.3924012035553583), 'epoch': 0}
2026-04-02 18:04:30.052 | INFO     | __main__:<module>:363 - new best model with loss
2026-04-02 18:09:55.454 | INFO     | __main__:<module>:414 - {'test/bleu@1': 0.15332901133880705, 'test/bleu@2': 0.02075768226267239, 'test/bleu@3': 0.004573134327148223, 'test/bleu@4': 0.0013634360678545954, 'test/dist@1': 0.037392408635529846, 'test/dist@2': 0.09087060815577819, 'test/dist@3': 0.15098066883025257, 'test/dist@4': 0.2058699026386341, 'test/item_ratio': 0.22082686609284605, 'test/sent_cnt': 7087, 'test/loss': np.float64(3.3199284700992147), 'epoch': 0}
2026-04-02 18:22:04.554 | INFO     | __main__:<module>:302 - epoch 1 train loss 2.7731874384214974
2026-04-02 18:26:56.143 | INFO     | __main__:<module>:355 - {'valid/bleu@1': 0.16321645500717952, 'valid/bleu@2': 0.02892537138625616, 'valid/bleu@3': 0.01258005245758064, 'valid/bleu@4': 0.007269392281069438, 'valid/dist@1': 0.10660527713830352, 'valid/dist@2': 0.376837258721445, 'valid/dist@3': 0.6729236762882946, 'valid/dist@4': 0.8489463431910749, 'valid/item_ratio': 0.6755799539578538, 'valid/sent_cnt': 5647, 'valid/loss': np.float64(1.9371420293624273), 'epoch': 1}
2026-04-02 18:26:56.342 | INFO     | __main__:<module>:363 - new best model with loss
2026-04-02 18:32:57.929 | INFO     | __main__:<module>:414 - {'test/bleu@1': 0.16398864369582772, 'test/bleu@2': 0.02912536596485857, 'test/bleu@3': 0.012915286175993593, 'test/bleu@4': 0.008183648893170553, 'test/dist@1': 0.09129391844221815, 'test/dist@2': 0.3255256102723296, 'test/dist@3': 0.6153520530548893, 'test/dist@4': 0.8061238888104981, 'test/item_ratio': 0.6351065330887541, 'test/sent_cnt': 7087, 'test/loss': np.float64(1.8623785504369113), 'epoch': 1}
2026-04-02 18:45:08.427 | INFO     | __main__:<module>:302 - epoch 2 train loss 1.3551247226431016
2026-04-02 18:49:23.455 | INFO     | __main__:<module>:355 - {'valid/bleu@1': 0.18693702474540005, 'valid/bleu@2': 0.04181536561262148, 'valid/bleu@3': 0.017953121797244082, 'valid/bleu@4': 0.009220110735463556, 'valid/dist@1': 0.04019833539932707, 'valid/dist@2': 0.11864706924030459, 'valid/dist@3': 0.20293961395431204, 'valid/dist@4': 0.27288825925270055, 'valid/item_ratio': 0.6608818841862936, 'valid/sent_cnt': 5647, 'valid/loss': np.float64(1.0545111973967836), 'epoch': 2}
2026-04-02 18:49:23.690 | INFO     | __main__:<module>:363 - new best model with loss
2026-04-02 18:54:32.703 | INFO     | __main__:<module>:414 - {'test/bleu@1': 0.18973214001177505, 'test/bleu@2': 0.04181964324156796, 'test/bleu@3': 0.017854681207669042, 'test/bleu@4': 0.009866738302484829, 'test/dist@1': 0.03569916748977, 'test/dist@2': 0.10413433046423028, 'test/dist@3': 0.18004797516579654, 'test/dist@4': 0.2518696204317765, 'test/item_ratio': 0.653167771976859, 'test/sent_cnt': 7087, 'test/loss': np.float64(1.0039679144359872), 'epoch': 2}
2026-04-02 19:06:42.045 | INFO     | __main__:<module>:302 - epoch 3 train loss 0.8385053948918321
2026-04-02 19:11:32.314 | INFO     | __main__:<module>:355 - {'valid/bleu@1': 0.18137289415620597, 'valid/bleu@2': 0.038888425335068214, 'valid/bleu@3': 0.01723475563740615, 'valid/bleu@4': 0.009428149944637159, 'valid/dist@1': 0.057552682840446255, 'valid/dist@2': 0.1609704267752789, 'valid/dist@3': 0.25889853019302284, 'valid/dist@4': 0.3479723747122366, 'valid/item_ratio': 0.5737559766247565, 'valid/sent_cnt': 5647, 'valid/loss': np.float64(0.7772667310899783), 'epoch': 3}
2026-04-02 19:11:32.512 | INFO     | __main__:<module>:363 - new best model with loss
2026-04-02 19:17:20.841 | INFO     | __main__:<module>:414 - {'test/bleu@1': 0.1806825413923277, 'test/bleu@2': 0.03476983508996317, 'test/bleu@3': 0.013763346595801173, 'test/bleu@4': 0.007568110712834351, 'test/dist@1': 0.047834062367715535, 'test/dist@2': 0.13799915337942711, 'test/dist@3': 0.23197403696909835, 'test/dist@4': 0.325243403414703, 'test/item_ratio': 0.5538309580922817, 'test/sent_cnt': 7087, 'test/loss': np.float64(0.7422235994252878), 'epoch': 3}
2026-04-02 19:29:29.870 | INFO     | __main__:<module>:302 - epoch 4 train loss 0.6323516151936059
2026-04-02 19:33:52.090 | INFO     | __main__:<module>:355 - {'valid/bleu@1': 0.18034873672738436, 'valid/bleu@2': 0.03775372396317724, 'valid/bleu@3': 0.01719388351951264, 'valid/bleu@4': 0.008711866165036802, 'valid/dist@1': 0.050115105365680895, 'valid/dist@2': 0.14733486807154242, 'valid/dist@3': 0.24827341951478663, 'valid/dist@4': 0.33734726403400034, 'valid/item_ratio': 0.5232867009031344, 'valid/sent_cnt': 5647, 'valid/loss': np.float64(0.6540391069464914), 'epoch': 4}
2026-04-02 19:33:52.293 | INFO     | __main__:<module>:363 - new best model with loss
2026-04-02 19:39:06.904 | INFO     | __main__:<module>:414 - {'test/bleu@1': 0.17730677277969914, 'test/bleu@2': 0.03248721409533946, 'test/bleu@3': 0.012633416225459066, 'test/bleu@4': 0.006638564042697665, 'test/dist@1': 0.04698744179483561, 'test/dist@2': 0.1351770848031607, 'test/dist@3': 0.22407224495555242, 'test/dist@4': 0.3063355439537181, 'test/item_ratio': 0.4948497248483138, 'test/sent_cnt': 7087, 'test/loss': np.float64(0.6255526480771618), 'epoch': 4}
2026-04-02 19:51:17.184 | INFO     | __main__:<module>:302 - epoch 5 train loss 0.5267251950136032
2026-04-02 19:55:50.212 | INFO     | __main__:<module>:355 - {'valid/bleu@1': 0.1967281549695652, 'valid/bleu@2': 0.04855636252420925, 'valid/bleu@3': 0.024217219589957036, 'valid/bleu@4': 0.013035814968500268, 'valid/dist@1': 0.05418806445900478, 'valid/dist@2': 0.1421993979103949, 'valid/dist@3': 0.2197627058615194, 'valid/dist@4': 0.28670090313440766, 'valid/item_ratio': 0.724632548255711, 'valid/sent_cnt': 5647, 'valid/loss': np.float64(0.5789939528568608), 'epoch': 5}
2026-04-02 19:55:50.431 | INFO     | __main__:<module>:363 - new best model with loss
2026-04-02 20:01:19.913 | INFO     | __main__:<module>:414 - {'test/bleu@1': 0.19991294417085193, 'test/bleu@2': 0.045719659696907534, 'test/bleu@3': 0.021773498987169584, 'test/bleu@4': 0.012077299938384373, 'test/dist@1': 0.04416537321856921, 'test/dist@2': 0.12417101735572174, 'test/dist@3': 0.20050797234372794, 'test/dist@4': 0.26696768731480175, 'test/item_ratio': 0.7076336954988006, 'test/sent_cnt': 7087, 'test/loss': np.float64(0.5538391725877069), 'epoch': 5}
2026-04-02 20:13:31.576 | INFO     | __main__:<module>:302 - epoch 6 train loss 0.465284086668745
2026-04-02 20:18:11.112 | INFO     | __main__:<module>:355 - {'valid/bleu@1': 0.20165070006331962, 'valid/bleu@2': 0.05549809524529185, 'valid/bleu@3': 0.028325537196592702, 'valid/bleu@4': 0.01617952876512488, 'valid/dist@1': 0.06215689746768196, 'valid/dist@2': 0.1834602443775456, 'valid/dist@3': 0.29891978041437933, 'valid/dist@4': 0.394722861696476, 'valid/item_ratio': 0.6920488755091199, 'valid/sent_cnt': 5647, 'valid/loss': np.float64(0.5565899139423208), 'epoch': 6}
2026-04-02 20:18:11.315 | INFO     | __main__:<module>:363 - new best model with loss
2026-04-02 20:23:50.931 | INFO     | __main__:<module>:414 - {'test/bleu@1': 0.20107119780733176, 'test/bleu@2': 0.04793775930860394, 'test/bleu@3': 0.022901969321668176, 'test/bleu@4': 0.013211280728781865, 'test/dist@1': 0.04853957951178214, 'test/dist@2': 0.15069846197262593, 'test/dist@3': 0.25709044729786934, 'test/dist@4': 0.3521941583180471, 'test/item_ratio': 0.6825172851700296, 'test/sent_cnt': 7087, 'test/loss': np.float64(0.534060765772587), 'epoch': 6}
2026-04-02 20:36:01.976 | INFO     | __main__:<module>:302 - epoch 7 train loss 0.42406958725106725
2026-04-02 20:41:20.714 | INFO     | __main__:<module>:355 - {'valid/bleu@1': 0.19656412795809336, 'valid/bleu@2': 0.056335009704718296, 'valid/bleu@3': 0.02890396496721214, 'valid/bleu@4': 0.016752504419900963, 'valid/dist@1': 0.07490703028156544, 'valid/dist@2': 0.2204710465734018, 'valid/dist@3': 0.37294138480609174, 'valid/dist@4': 0.5114219939791039, 'valid/item_ratio': 0.5734018062688153, 'valid/sent_cnt': 5647, 'valid/loss': np.float64(0.5259845359382819), 'epoch': 7}
2026-04-02 20:41:20.947 | INFO     | __main__:<module>:363 - new best model with loss
2026-04-02 20:47:37.504 | INFO     | __main__:<module>:414 - {'test/bleu@1': 0.1944455354872723, 'test/bleu@2': 0.04537480527956273, 'test/bleu@3': 0.02112502898616819, 'test/bleu@4': 0.01157269179489516, 'test/dist@1': 0.059545646959221106, 'test/dist@2': 0.18244673345562298, 'test/dist@3': 0.31607168054183715, 'test/dist@4': 0.4362918018907859, 'test/item_ratio': 0.5620149569634542, 'test/sent_cnt': 7087, 'test/loss': np.float64(0.5052922242247493), 'epoch': 7}
2026-04-02 20:59:49.497 | INFO     | __main__:<module>:302 - epoch 8 train loss 0.3945572662849047
2026-04-02 21:05:10.063 | INFO     | __main__:<module>:355 - {'valid/bleu@1': 0.19606597722154923, 'valid/bleu@2': 0.05375207914810215, 'valid/bleu@3': 0.026270911358229163, 'valid/bleu@4': 0.015229706881125994, 'valid/dist@1': 0.08429254471400743, 'valid/dist@2': 0.25128386754028686, 'valid/dist@3': 0.4235877457056844, 'valid/dist@4': 0.572162210023021, 'valid/item_ratio': 0.6031521161678768, 'valid/sent_cnt': 5647, 'valid/loss': np.float64(0.5157124615424753), 'epoch': 8}
2026-04-02 21:05:10.266 | INFO     | __main__:<module>:363 - new best model with loss
2026-04-02 21:11:23.712 | INFO     | __main__:<module>:414 - {'test/bleu@1': 0.19305701073654538, 'test/bleu@2': 0.045688092720723876, 'test/bleu@3': 0.020229397446133692, 'test/bleu@4': 0.011404172574707955, 'test/dist@1': 0.06702412868632708, 'test/dist@2': 0.20953859178778045, 'test/dist@3': 0.35868491604345987, 'test/dist@4': 0.4844080711161281, 'test/item_ratio': 0.60730915761253, 'test/sent_cnt': 7087, 'test/loss': np.float64(0.4947099004521058), 'epoch': 8}
2026-04-02 21:23:33.769 | INFO     | __main__:<module>:302 - epoch 9 train loss 0.3721832812102504
2026-04-02 21:28:56.201 | INFO     | __main__:<module>:355 - {'valid/bleu@1': 0.20144236332392143, 'valid/bleu@2': 0.058617892816589676, 'valid/bleu@3': 0.030451713033461978, 'valid/bleu@4': 0.018327932551316883, 'valid/dist@1': 0.0869488223835665, 'valid/dist@2': 0.2672215335576412, 'valid/dist@3': 0.45652558880821675, 'valid/dist@4': 0.6093500973968479, 'valid/item_ratio': 0.5863290242606694, 'valid/sent_cnt': 5647, 'valid/loss': np.float64(0.5129258234592065), 'epoch': 9}
2026-04-02 21:28:56.422 | INFO     | __main__:<module>:363 - new best model with loss
2026-04-02 21:35:22.473 | INFO     | __main__:<module>:414 - {'test/bleu@1': 0.19739779495388018, 'test/bleu@2': 0.048801235490071475, 'test/bleu@3': 0.023283370062729875, 'test/bleu@4': 0.013811513057958366, 'test/dist@1': 0.0692817835473402, 'test/dist@2': 0.22435445181317906, 'test/dist@3': 0.3972061521094963, 'test/dist@4': 0.5442359249329759, 'test/item_ratio': 0.581346126710879, 'test/sent_cnt': 7087, 'test/loss': np.float64(0.4941418944914777), 'epoch': 9}
2026-04-02 21:35:22.651 | INFO     | __main__:<module>:423 - save final model
