2026-04-09 11:30:31.933 | INFO     | __main__:<module>:135 - Distributed environment: NO
Num processes: 1
Process index: 0
Local process index: 0
Device: cuda

Mixed precision type: no

2026-04-09 11:30:31.933 | INFO     | __main__:<module>:136 - {'seed': 42, 'output_dir': '/root/autodl-tmp/UniCRS-main/trained_rec_fiup', 'debug': False, 'dataset': 'redial_gen', 'shot': 1, 'use_resp': False, 'context_max_length': 200, 'prompt_max_length': 200, 'entity_max_length': 32, 'num_workers': 0, 'tokenizer': 'microsoft/DialoGPT-small', 'text_tokenizer': 'roberta-base', 'model': 'microsoft/DialoGPT-small', 'text_encoder': 'roberta-base', 'num_bases': 8, 'n_prefix_rec': 10, 'prompt_encoder': '/root/autodl-tmp/UniCRS-main/pre_trained_prompt/final', 'use_fiup': True, 'fiup_alpha': 0.8, 'fiup_lambda': 0.1, 'sentiment_backend': 'textblob', 'num_train_epochs': 1, 'max_train_steps': 100, 'per_device_train_batch_size': 16, 'per_device_eval_batch_size': 16, 'gradient_accumulation_steps': 1, 'learning_rate': 0.0001, 'weight_decay': 0.01, 'max_grad_norm': None, 'num_warmup_steps': 530, 'fp16': False, 'use_wandb': False, 'entity': None, 'project': None, 'name': None, 'log_all': False}
2026-04-09 11:31:40.053 | INFO     | dataset_rec:prepare_data:135 - [train] dataset size: 34113
2026-04-09 11:31:41.495 | INFO     | dataset_rec:prepare_data:135 - [valid] dataset size: 3733
2026-04-09 11:31:43.252 | INFO     | dataset_rec:prepare_data:135 - [test] dataset size: 4810
2026-04-09 11:31:43.256 | INFO     | __main__:<module>:275 - ***** Running training *****
2026-04-09 11:31:43.256 | INFO     | __main__:<module>:276 -   Num examples = 34113
2026-04-09 11:31:43.256 | INFO     | __main__:<module>:277 -   Num Epochs = 1
2026-04-09 11:31:43.256 | INFO     | __main__:<module>:278 -   Instantaneous batch size per device = 16
2026-04-09 11:31:43.256 | INFO     | __main__:<module>:279 -   Total train batch size (w. parallel, distributed & accumulation) = 16
2026-04-09 11:31:43.256 | INFO     | __main__:<module>:280 -   Gradient Accumulation steps = 1
2026-04-09 11:31:43.256 | INFO     | __main__:<module>:281 -   Total optimization steps = 100
2026-04-09 11:31:43.258 | INFO     | __main__:<module>:297 - [FIUP] Initialized. EMB_DIM=768
2026-04-09 11:32:09.778 | INFO     | __main__:<module>:393 - epoch 0 train loss 10.49527331829071
2026-04-09 11:32:35.644 | INFO     | __main__:<module>:431 - {'valid/recall@1': 0.02330565229038307, 'valid/recall@10': 0.10527725689793732, 'valid/recall@50': 0.2314492365389767, 'valid/ndcg@1': 0.02330565229038307, 'valid/ndcg@10': 0.058913595964466, 'valid/ndcg@50': 0.08620329641510263, 'valid/mrr@1': 0.02330565229038307, 'valid/mrr@10': 0.04473071707626657, 'valid/mrr@50': 0.05031545022330398, 'valid/loss': np.float64(9.069428046544393), 'epoch': 0}
2026-04-09 11:32:35.826 | INFO     | __main__:<module>:439 - new best model with loss
2026-04-09 11:33:08.502 | INFO     | __main__:<module>:490 - {'test/recall@1': 0.021205821205821207, 'test/recall@10': 0.09251559251559252, 'test/recall@50': 0.2130977130977131, 'test/ndcg@1': 0.021205821205821207, 'test/ndcg@10': 0.05132145554508836, 'test/ndcg@50': 0.07750167370833874, 'test/mrr@1': 0.021205821205821207, 'test/mrr@10': 0.03891050533048824, 'test/mrr@50': 0.04430427471961896, 'test/loss': np.float64(9.472602899684462), 'epoch': 0}
2026-04-09 11:33:08.681 | INFO     | __main__:<module>:497 - save final model
